<?xml version="1.0" encoding="UTF-8"?>
<!-- Generated by org.testng.reporters.JUnitReportReporter -->
<testsuite hostname="Renu.local" name="loginTests" tests="2" failures="0" timestamp="29 Apr 2016 02:56:47 GMT" time="83.669" errors="0">
  <testcase name="validLogin" time="52.709" classname="loginTests"/>
  <testcase name="testInvalidLoginCredentials" time="30.960" classname="loginTests"/>
</testsuite> <!-- loginTests -->
