<?xml version="1.0" encoding="UTF-8"?>
<!-- Generated by org.testng.reporters.JUnitReportReporter -->
<testsuite hostname="Renu.local" name="InviteFriendsTest" tests="1" failures="0" timestamp="29 Apr 2016 02:56:47 GMT" time="58.595" errors="0">
  <testcase name="inviteFriendsByMail" time="58.595" classname="InviteFriendsTest"/>
</testsuite> <!-- InviteFriendsTest -->
