<?xml version="1.0" encoding="UTF-8"?>
<!-- Generated by org.testng.reporters.JUnitReportReporter -->
<testsuite hostname="Renu.local" name="EditProfileTest" tests="1" failures="0" timestamp="29 Apr 2016 02:56:47 GMT" time="164.985" errors="0">
  <testcase name="editProfile" time="164.985" classname="EditProfileTest"/>
</testsuite> <!-- EditProfileTest -->
