<?xml version="1.0" encoding="UTF-8"?>
<!-- Generated by org.testng.reporters.JUnitReportReporter -->
<testsuite hostname="Renu.local" name="Registration" tests="2" failures="0" timestamp="29 Apr 2016 02:56:47 GMT" time="85.031" errors="0">
  <testcase name="signUpDisable" time="17.386" classname="Registration"/>
  <testcase name="validRegistration" time="67.645" classname="Registration"/>
</testsuite> <!-- Registration -->
