<?xml version="1.0" encoding="UTF-8"?>
<!-- Generated by org.testng.reporters.JUnitReportReporter -->
<testsuite hostname="Renu.local" name="ZomatoSearch" tests="2" failures="0" timestamp="29 Apr 2016 02:56:47 GMT" time="50.827" errors="0">
  <testcase name="testZomatoSearch" time="35.079" classname="ZomatoSearch"/>
  <testcase name="testZomatoSearchWithFilters" time="15.748" classname="ZomatoSearch"/>
</testsuite> <!-- ZomatoSearch -->
